# JRE version: OpenJDK Runtime Environment Microsoft-13877129 (17.0.19+10) (build 17.0.19+10-LTS)
# Java VM: OpenJDK 64-Bit Server VM Microsoft-13877129 (17.0.19+10-LTS, mixed mode, emulated-client, sharing, tiered, compressed oops, compressed class ptrs, g1 gc, windows-amd64)
GC Precious Log:
 CPUs: 4 total, 4 available
 Memory: 7991M
 Large Page Support: Disabled
 NUMA Support: Disabled
 Compressed Oops: Enabled (32-bit)
 Heap Region Size: 1M
 Heap Min Capacity: 64M
 Heap Initial Capacity: 64M
 Heap Max Capacity: 256M
 Pre-touch: Disabled
 Parallel Workers: 4
 Concurrent Workers: 1
 Concurrent Refinement Workers: 4
 Periodic GC: Disabled
Heap:
 garbage-first heap   total 65536K, used 39739K [0x00000000f0000000, 0x0000000100000000)
  region size 1024K, 6 young (6144K), 2 survivors (2048K)
 Metaspace       used 45623K, committed 46144K, reserved 1114112K
  class space    used 6400K, committed 6656K, reserved 1048576K
GC Heap History (20 events):
Event: 8.140 GC heap before
{Heap before GC invocations=9 (full 0):
 garbage-first heap   total 65536K, used 46146K [0x00000000f0000000, 0x0000000100000000)
  region size 1024K, 26 young (26624K), 2 survivors (2048K)
 Metaspace       used 25630K, committed 26048K, reserved 1114112K
  class space    used 3299K, committed 3520K, reserved 1048576K
}
Event: 8.144 GC heap after
{Heap after GC invocations=10 (full 0):
 garbage-first heap   total 65536K, used 22368K [0x00000000f0000000, 0x0000000100000000)
  region size 1024K, 3 young (3072K), 3 survivors (3072K)
 Metaspace       used 25630K, committed 26048K, reserved 1114112K
  class space    used 3299K, committed 3520K, reserved 1048576K
}
Event: 9.048 GC heap before
{Heap before GC invocations=10 (full 0):
 garbage-first heap   total 65536K, used 48992K [0x00000000f0000000, 0x0000000100000000)
  region size 1024K, 30 young (30720K), 3 survivors (3072K)
 Metaspace       used 30162K, committed 30656K, reserved 1114112K
  class space    used 4087K, committed 4352K, reserved 1048576K
}
Event: 9.053 GC heap after
{Heap after GC invocations=11 (full 0):
 garbage-first heap   total 65536K, used 23716K [0x00000000f0000000, 0x0000000100000000)
  region size 1024K, 3 young (3072K), 3 survivors (3072K)
 Metaspace       used 30162K, committed 30656K, reserved 1114112K
  class space    used 4087K, committed 4352K, reserved 1048576K
}
Event: 9.851 GC heap before
{Heap before GC invocations=11 (full 0):
 garbage-first heap   total 65536K, used 49316K [0x00000000f0000000, 0x0000000100000000)
  region size 1024K, 29 young (29696K), 3 survivors (3072K)
 Metaspace       used 33226K, committed 33664K, reserved 1114112K
  class space    used 4467K, committed 4672K, reserved 1048576K
}
Event: 9.855 GC heap after
{Heap after GC invocations=12 (full 0):
 garbage-first heap   total 65536K, used 26330K [0x00000000f0000000, 0x0000000100000000)
  region size 1024K, 4 young (4096K), 4 survivors (4096K)
 Metaspace       used 33226K, committed 33664K, reserved 1114112K
  class space    used 4467K, committed 4672K, reserved 1048576K
}
Event: 10.609 GC heap before
{Heap before GC invocations=12 (full 0):
 garbage-first heap   total 65536K, used 50906K [0x00000000f0000000, 0x0000000100000000)
  region size 1024K, 28 young (28672K), 4 survivors (4096K)
 Metaspace       used 34218K, committed 34752K, reserved 1114112K
  class space    used 4642K, committed 4928K, reserved 1048576K
}
Event: 10.616 GC heap after
{Heap after GC invocations=13 (full 0):
 garbage-first heap   total 65536K, used 28124K [0x00000000f0000000, 0x0000000100000000)
  region size 1024K, 2 young (2048K), 2 survivors (2048K)
 Metaspace       used 34218K, committed 34752K, reserved 1114112K
  class space    used 4642K, committed 4928K, reserved 1048576K
}
Event: 11.156 GC heap before
{Heap before GC invocations=13 (full 0):
 garbage-first heap   total 65536K, used 51676K [0x00000000f0000000, 0x0000000100000000)
  region size 1024K, 25 young (25600K), 2 survivors (2048K)
 Metaspace       used 35461K, committed 35968K, reserved 1114112K
  class space    used 4814K, committed 5056K, reserved 1048576K
}
Event: 11.159 GC heap after
{Heap after GC invocations=14 (full 0):
 garbage-first heap   total 65536K, used 29531K [0x00000000f0000000, 0x0000000100000000)
  region size 1024K, 4 young (4096K), 4 survivors (4096K)
 Metaspace       used 35461K, committed 35968K, reserved 1114112K
  class space    used 4814K, committed 5056K, reserved 1048576K
}
Event: 11.273 GC heap before
{Heap before GC invocations=14 (full 0):
 garbage-first heap   total 65536K, used 34651K [0x00000000f0000000, 0x0000000100000000)
  region size 1024K, 10 young (10240K), 4 survivors (4096K)
 Metaspace       used 35907K, committed 36416K, reserved 1114112K
  class space    used 4885K, committed 5120K, reserved 1048576K
}
Event: 11.276 GC heap after
{Heap after GC invocations=15 (full 0):
 garbage-first heap   total 65536K, used 30146K [0x00000000f0000000, 0x0000000100000000)
  region size 1024K, 3 young (3072K), 3 survivors (3072K)
 Metaspace       used 35907K, committed 36416K, reserved 1114112K
  class space    used 4885K, committed 5120K, reserved 1048576K
}
Event: 11.886 GC heap before
{Heap before GC invocations=16 (full 0):
 garbage-first heap   total 65536K, used 51650K [0x00000000f0000000, 0x0000000100000000)
  region size 1024K, 24 young (24576K), 3 survivors (3072K)
 Metaspace       used 38358K, committed 38848K, reserved 1114112K
  class space    used 5334K, committed 5568K, reserved 1048576K
}
Event: 11.891 GC heap after
{Heap after GC invocations=17 (full 0):
 garbage-first heap   total 65536K, used 30782K [0x00000000f0000000, 0x0000000100000000)
  region size 1024K, 2 young (2048K), 2 survivors (2048K)
 Metaspace       used 38358K, committed 38848K, reserved 1114112K
  class space    used 5334K, committed 5568K, reserved 1048576K
}
Event: 13.610 GC heap before
{Heap before GC invocations=17 (full 0):
 garbage-first heap   total 65536K, used 52286K [0x00000000f0000000, 0x0000000100000000)
  region size 1024K, 23 young (23552K), 2 survivors (2048K)
 Metaspace       used 39660K, committed 40192K, reserved 1114112K
  class space    used 5570K, committed 5824K, reserved 1048576K
}
Event: 13.617 GC heap after
{Heap after GC invocations=18 (full 0):
 garbage-first heap   total 65536K, used 31784K [0x00000000f0000000, 0x0000000100000000)
  region size 1024K, 3 young (3072K), 3 survivors (3072K)
 Metaspace       used 39660K, committed 40192K, reserved 1114112K
  class space    used 5570K, committed 5824K, reserved 1048576K
}
Event: 15.369 GC heap before
{Heap before GC invocations=19 (full 0):
 garbage-first heap   total 65536K, used 53288K [0x00000000f0000000, 0x0000000100000000)
  region size 1024K, 24 young (24576K), 3 survivors (3072K)
 Metaspace       used 42487K, committed 43008K, reserved 1114112K
  class space    used 5953K, committed 6208K, reserved 1048576K
}
Event: 15.375 GC heap after
{Heap after GC invocations=20 (full 0):
 garbage-first heap   total 65536K, used 33665K [0x00000000f0000000, 0x0000000100000000)
  region size 1024K, 3 young (3072K), 3 survivors (3072K)
 Metaspace       used 42487K, committed 43008K, reserved 1114112K
  class space    used 5953K, committed 6208K, reserved 1048576K
}
Event: 16.053 GC heap before
{Heap before GC invocations=20 (full 0):
 garbage-first heap   total 65536K, used 53121K [0x00000000f0000000, 0x0000000100000000)
  region size 1024K, 22 young (22528K), 3 survivors (3072K)
 Metaspace       used 45623K, committed 46144K, reserved 1114112K
  class space    used 6400K, committed 6656K, reserved 1048576K
}
Event: 16.061 GC heap after
{Heap after GC invocations=21 (full 0):
 garbage-first heap   total 65536K, used 35643K [0x00000000f0000000, 0x0000000100000000)
  region size 1024K, 2 young (2048K), 2 survivors (2048K)
 Metaspace       used 45623K, committed 46144K, reserved 1114112K
  class space    used 6400K, committed 6656K, reserved 1048576K
}

