# JRE version: OpenJDK Runtime Environment Microsoft-13877129 (17.0.19+10) (build 17.0.19+10-LTS)
# Java VM: OpenJDK 64-Bit Server VM Microsoft-13877129 (17.0.19+10-LTS, mixed mode, emulated-client, sharing, tiered, compressed oops, compressed class ptrs, g1 gc, windows-amd64)
GC Precious Log:
 CPUs: 4 total, 4 available
 Memory: 12087M
 Large Page Support: Disabled
 NUMA Support: Disabled
 Compressed Oops: Enabled (32-bit)
 Heap Region Size: 1M
 Heap Min Capacity: 128M
 Heap Initial Capacity: 128M
 Heap Max Capacity: 512M
 Pre-touch: Disabled
 Parallel Workers: 4
 Concurrent Workers: 1
 Concurrent Refinement Workers: 4
 Periodic GC: Disabled
Heap:
 garbage-first heap   total 132096K, used 79344K [0x00000000e0000000, 0x0000000100000000)
  region size 1024K, 11 young (11264K), 1 survivors (1024K)
 Metaspace       used 121358K, committed 122304K, reserved 1179648K
  class space    used 17252K, committed 17728K, reserved 1048576K
GC Heap History (20 events):
Event: 7.163 GC heap before
{Heap before GC invocations=14 (full 0):
 garbage-first heap   total 131072K, used 101871K [0x00000000e0000000, 0x0000000100000000)
  region size 1024K, 55 young (56320K), 3 survivors (3072K)
 Metaspace       used 74116K, committed 74624K, reserved 1114112K
  class space    used 10707K, committed 10944K, reserved 1048576K
}
Event: 7.169 GC heap after
{Heap after GC invocations=15 (full 0):
 garbage-first heap   total 131072K, used 51765K [0x00000000e0000000, 0x0000000100000000)
  region size 1024K, 6 young (6144K), 6 survivors (6144K)
 Metaspace       used 74116K, committed 74624K, reserved 1114112K
  class space    used 10707K, committed 10944K, reserved 1048576K
}
Event: 7.882 GC heap before
{Heap before GC invocations=16 (full 0):
 garbage-first heap   total 131072K, used 102965K [0x00000000e0000000, 0x0000000100000000)
  region size 1024K, 56 young (57344K), 6 survivors (6144K)
 Metaspace       used 84141K, committed 84672K, reserved 1179648K
  class space    used 12226K, committed 12480K, reserved 1048576K
}
Event: 7.888 GC heap after
{Heap after GC invocations=17 (full 0):
 garbage-first heap   total 131072K, used 54464K [0x00000000e0000000, 0x0000000100000000)
  region size 1024K, 3 young (3072K), 3 survivors (3072K)
 Metaspace       used 84141K, committed 84672K, reserved 1179648K
  class space    used 12226K, committed 12480K, reserved 1048576K
}
Event: 8.495 GC heap before
{Heap before GC invocations=17 (full 0):
 garbage-first heap   total 131072K, used 104640K [0x00000000e0000000, 0x0000000100000000)
  region size 1024K, 52 young (53248K), 3 survivors (3072K)
 Metaspace       used 92260K, committed 92928K, reserved 1179648K
  class space    used 13349K, committed 13632K, reserved 1048576K
}
Event: 8.501 GC heap after
{Heap after GC invocations=18 (full 0):
 garbage-first heap   total 131072K, used 57522K [0x00000000e0000000, 0x0000000100000000)
  region size 1024K, 6 young (6144K), 6 survivors (6144K)
 Metaspace       used 92260K, committed 92928K, reserved 1179648K
  class space    used 13349K, committed 13632K, reserved 1048576K
}
Event: 9.141 GC heap before
{Heap before GC invocations=18 (full 0):
 garbage-first heap   total 131072K, used 105650K [0x00000000e0000000, 0x0000000100000000)
  region size 1024K, 53 young (54272K), 6 survivors (6144K)
 Metaspace       used 95890K, committed 96576K, reserved 1179648K
  class space    used 13877K, committed 14208K, reserved 1048576K
}
Event: 9.153 GC heap after
{Heap after GC invocations=19 (full 0):
 garbage-first heap   total 131072K, used 61130K [0x00000000e0000000, 0x0000000100000000)
  region size 1024K, 7 young (7168K), 7 survivors (7168K)
 Metaspace       used 95890K, committed 96576K, reserved 1179648K
  class space    used 13877K, committed 14208K, reserved 1048576K
}
Event: 9.855 GC heap before
{Heap before GC invocations=19 (full 0):
 garbage-first heap   total 131072K, used 107210K [0x00000000e0000000, 0x0000000100000000)
  region size 1024K, 52 young (53248K), 7 survivors (7168K)
 Metaspace       used 100903K, committed 101632K, reserved 1179648K
  class space    used 14632K, committed 14976K, reserved 1048576K
}
Event: 9.865 GC heap after
{Heap after GC invocations=20 (full 0):
 garbage-first heap   total 131072K, used 64792K [0x00000000e0000000, 0x0000000100000000)
  region size 1024K, 7 young (7168K), 7 survivors (7168K)
 Metaspace       used 100903K, committed 101632K, reserved 1179648K
  class space    used 14632K, committed 14976K, reserved 1048576K
}
Event: 10.470 GC heap before
{Heap before GC invocations=20 (full 0):
 garbage-first heap   total 131072K, used 105752K [0x00000000e0000000, 0x0000000100000000)
  region size 1024K, 48 young (49152K), 7 survivors (7168K)
 Metaspace       used 106949K, committed 107712K, reserved 1179648K
  class space    used 15428K, committed 15808K, reserved 1048576K
}
Event: 10.479 GC heap after
{Heap after GC invocations=21 (full 0):
 garbage-first heap   total 131072K, used 68368K [0x00000000e0000000, 0x0000000100000000)
  region size 1024K, 5 young (5120K), 5 survivors (5120K)
 Metaspace       used 106949K, committed 107712K, reserved 1179648K
  class space    used 15428K, committed 15808K, reserved 1048576K
}
Event: 10.875 GC heap before
{Heap before GC invocations=21 (full 0):
 garbage-first heap   total 131072K, used 105232K [0x00000000e0000000, 0x0000000100000000)
  region size 1024K, 42 young (43008K), 5 survivors (5120K)
 Metaspace       used 114493K, committed 115264K, reserved 1179648K
  class space    used 16018K, committed 16384K, reserved 1048576K
}
Event: 10.881 GC heap after
{Heap after GC invocations=22 (full 0):
 garbage-first heap   total 131072K, used 69898K [0x00000000e0000000, 0x0000000100000000)
  region size 1024K, 2 young (2048K), 2 survivors (2048K)
 Metaspace       used 114493K, committed 115264K, reserved 1179648K
  class space    used 16018K, committed 16384K, reserved 1048576K
}
Event: 22.352 GC heap before
{Heap before GC invocations=23 (full 0):
 garbage-first heap   total 132096K, used 106762K [0x00000000e0000000, 0x0000000100000000)
  region size 1024K, 39 young (39936K), 2 survivors (2048K)
 Metaspace       used 120817K, committed 121600K, reserved 1179648K
  class space    used 17180K, committed 17536K, reserved 1048576K
}
Event: 22.359 GC heap after
{Heap after GC invocations=24 (full 0):
 garbage-first heap   total 132096K, used 71159K [0x00000000e0000000, 0x0000000100000000)
  region size 1024K, 4 young (4096K), 4 survivors (4096K)
 Metaspace       used 120817K, committed 121600K, reserved 1179648K
  class space    used 17180K, committed 17536K, reserved 1048576K
}
Event: 22.412 GC heap before
{Heap before GC invocations=24 (full 0):
 garbage-first heap   total 132096K, used 73207K [0x00000000e0000000, 0x0000000100000000)
  region size 1024K, 6 young (6144K), 4 survivors (4096K)
 Metaspace       used 121213K, committed 121984K, reserved 1179648K
  class space    used 17235K, committed 17600K, reserved 1048576K
}
Event: 22.418 GC heap after
{Heap after GC invocations=25 (full 0):
 garbage-first heap   total 132096K, used 70270K [0x00000000e0000000, 0x0000000100000000)
  region size 1024K, 1 young (1024K), 1 survivors (1024K)
 Metaspace       used 121213K, committed 121984K, reserved 1179648K
  class space    used 17235K, committed 17600K, reserved 1048576K
}
Event: 49.048 GC heap before
{Heap before GC invocations=25 (full 0):
 garbage-first heap   total 132096K, used 109182K [0x00000000e0000000, 0x0000000100000000)
  region size 1024K, 39 young (39936K), 1 survivors (1024K)
 Metaspace       used 121437K, committed 122304K, reserved 1179648K
  class space    used 17269K, committed 17728K, reserved 1048576K
}
Event: 49.051 GC heap after
{Heap after GC invocations=26 (full 0):
 garbage-first heap   total 132096K, used 70128K [0x00000000e0000000, 0x0000000100000000)
  region size 1024K, 1 young (1024K), 1 survivors (1024K)
 Metaspace       used 121437K, committed 122304K, reserved 1179648K
  class space    used 17269K, committed 17728K, reserved 1048576K
}

